2025-06-03 21:57:16 [main] INFO  DAO.TablasDAO - Creando tablas y precargando cursos...
2025-06-03 21:57:16 [main] INFO  DAO.TablasDAO - Tablas creadas y cursos precargados correctamente.
2025-06-03 21:57:54 [main] INFO  DAO.TablasDAO - Creando tablas y precargando cursos...
2025-06-03 21:57:54 [main] INFO  DAO.TablasDAO - Tablas creadas y cursos precargados correctamente.
2025-06-03 21:58:02 [main] INFO  DAO.TablasDAO - Ingrese código del curso: 
2025-06-03 21:59:39 [main] INFO  DAO.TablasDAO - Creando tablas y precargando cursos...
2025-06-03 21:59:39 [main] INFO  DAO.TablasDAO - Tablas creadas y cursos precargados correctamente.
2025-06-03 22:01:16 [main] INFO  DAO.TablasDAO - Creando tablas y precargando cursos...
2025-06-03 22:01:16 [main] INFO  DAO.TablasDAO - Tablas creadas y cursos precargados correctamente.
2025-06-03 22:01:27 [main] INFO  DAO.TablasDAO - El código de curso no existe. Intente de nuevo.
2025-06-03 22:01:33 [main] INFO  DAO.TablasDAO - Datos guardados en la base.
2025-06-03 22:26:02 [main] INFO  DAO.TablasDAO - Creando tablas y precargando cursos...
2025-06-03 22:26:02 [main] INFO  DAO.TablasDAO - Tablas creadas y cursos precargados correctamente.
2025-06-03 22:26:08 [main] INFO  DAO.TablasDAO - El DNI ingresado no es válido. Intente nuevamente.
2025-06-03 22:26:30 [main] INFO  DAO.TablasDAO - El nombre contiene caracteres inválidos.
2025-06-03 22:26:42 [main] INFO  DAO.TablasDAO - Alumno registrado correctamente: lautaro (DNI: 46)
2025-06-03 22:26:46 [main] INFO  DAO.TablasDAO - El código de curso no existe. Intente de nuevo.
2025-06-03 22:26:51 [main] INFO  DAO.TablasDAO - Datos guardados en la base.
2025-06-03 23:00:26 [main] INFO  DAO.TablasDAO - Creando tablas y precargando cursos...
2025-06-03 23:00:26 [main] INFO  DAO.TablasDAO - Tablas creadas y cursos precargados correctamente.
2025-06-03 23:00:29 [main] INFO  DAO.TablasDAO - El DNI ingresado no es válido. Intente nuevamente.
2025-06-03 23:00:42 [main] INFO  DAO.TablasDAO - El DNI ingresado no es válido. Intente nuevamente.
2025-06-03 23:00:45 [main] INFO  DAO.TablasDAO - El DNI ingresado no es válido. Intente nuevamente.
2025-06-03 23:00:46 [main] INFO  DAO.TablasDAO - El DNI ingresado no es válido. Intente nuevamente.
2025-06-03 23:00:47 [main] INFO  DAO.TablasDAO - El DNI ingresado no es válido. Intente nuevamente.
2025-06-03 23:00:55 [main] INFO  DAO.TablasDAO - El DNI ingresado no es válido. Intente nuevamente.
2025-06-03 23:00:56 [main] INFO  DAO.TablasDAO - El DNI ingresado no es válido. Intente nuevamente.
2025-06-03 23:07:49 [main] INFO  DAO.TablasDAO - Creando tablas y precargando cursos...
2025-06-03 23:07:49 [main] INFO  DAO.TablasDAO - Tablas creadas y cursos precargados correctamente.
2025-06-03 23:07:51 [main] INFO  DAO.TablasDAO - El DNI ingresado no es válido. Intente nuevamente.
2025-06-03 23:07:52 [main] INFO  DAO.TablasDAO - El DNI ingresado no es válido. Intente nuevamente.
2025-06-03 23:07:53 [main] INFO  DAO.TablasDAO - El DNI ingresado no es válido. Intente nuevamente.
2025-06-03 23:07:55 [main] INFO  DAO.TablasDAO - El DNI ingresado no es válido. Intente nuevamente.
2025-06-03 23:08:07 [main] INFO  DAO.TablasDAO - Creando tablas y precargando cursos...
2025-06-03 23:08:07 [main] INFO  DAO.TablasDAO - Tablas creadas y cursos precargados correctamente.
2025-06-03 23:08:08 [main] INFO  DAO.TablasDAO - El DNI ingresado no es válido. Intente nuevamente.
2025-06-03 23:08:12 [main] INFO  DAO.TablasDAO - El DNI ingresado no es válido. Intente nuevamente.
2025-06-03 23:14:01 [main] INFO  DAO.TablasDAO - Creando tablas y precargando cursos...
2025-06-03 23:14:01 [main] INFO  DAO.TablasDAO - Tablas creadas y cursos precargados correctamente.
2025-06-03 23:15:17 [main] INFO  DAO.TablasDAO - Creando tablas y precargando cursos...
2025-06-03 23:15:17 [main] INFO  DAO.TablasDAO - Tablas creadas y cursos precargados correctamente.
2025-06-03 23:15:17 [main] INFO  DAO.TablasDAO - Inicio de carga de datos.
2025-06-03 23:15:27 [main] INFO  DAO.TablasDAO - DATOS INGRESADOS CORRECTAMENTE
2025-06-03 23:15:27 [main] INFO  DAO.TablasDAO - Alumno registrado correctamente: lautaro (DNI: 46866)
